Determining if the pthread_create exist failed with the following output:
Change Dir: /home/aron/Desktop/CDLOD/CMakeFiles/CMakeTmp

Run Build Command:/usr/bin/make "cmTryCompileExec892726292/fast"
/usr/bin/make -f CMakeFiles/cmTryCompileExec892726292.dir/build.make CMakeFiles/cmTryCompileExec892726292.dir/build
make[1]: Entering directory `/home/aron/Desktop/CDLOD/CMakeFiles/CMakeTmp'
/usr/bin/cmake -E cmake_progress_report /home/aron/Desktop/CDLOD/CMakeFiles/CMakeTmp/CMakeFiles 1
Building C object CMakeFiles/cmTryCompileExec892726292.dir/CheckSymbolExists.c.o
/usr/bin/cc    -o CMakeFiles/cmTryCompileExec892726292.dir/CheckSymbolExists.c.o   -c /home/aron/Desktop/CDLOD/CMakeFiles/CMakeTmp/CheckSymbolExists.c
Linking C executable cmTryCompileExec892726292
/usr/bin/cmake -E cmake_link_script CMakeFiles/cmTryCompileExec892726292.dir/link.txt --verbose=1
/usr/bin/cc       CMakeFiles/cmTryCompileExec892726292.dir/CheckSymbolExists.c.o  -o cmTryCompileExec892726292 -rdynamic 
CMakeFiles/cmTryCompileExec892726292.dir/CheckSymbolExists.c.o: In function `main':
CheckSymbolExists.c:(.text+0x16): undefined reference to `pthread_create'
collect2: error: ld returned 1 exit status
make[1]: *** [cmTryCompileExec892726292] Error 1
make[1]: Leaving directory `/home/aron/Desktop/CDLOD/CMakeFiles/CMakeTmp'
make: *** [cmTryCompileExec892726292/fast] Error 2

File /home/aron/Desktop/CDLOD/CMakeFiles/CMakeTmp/CheckSymbolExists.c:
/* */
#include <pthread.h>

int main(int argc, char** argv)
{
  (void)argv;
#ifndef pthread_create
  return ((int*)(&pthread_create))[argc];
#else
  (void)argc;
  return 0;
#endif
}

Determining if the function pthread_create exists in the pthreads failed with the following output:
Change Dir: /home/aron/Desktop/CDLOD/CMakeFiles/CMakeTmp

Run Build Command:/usr/bin/make "cmTryCompileExec1598986147/fast"
/usr/bin/make -f CMakeFiles/cmTryCompileExec1598986147.dir/build.make CMakeFiles/cmTryCompileExec1598986147.dir/build
make[1]: Entering directory `/home/aron/Desktop/CDLOD/CMakeFiles/CMakeTmp'
/usr/bin/cmake -E cmake_progress_report /home/aron/Desktop/CDLOD/CMakeFiles/CMakeTmp/CMakeFiles 1
Building C object CMakeFiles/cmTryCompileExec1598986147.dir/CheckFunctionExists.c.o
/usr/bin/cc   -DCHECK_FUNCTION_EXISTS=pthread_create   -o CMakeFiles/cmTryCompileExec1598986147.dir/CheckFunctionExists.c.o   -c /usr/share/cmake-2.8/Modules/CheckFunctionExists.c
Linking C executable cmTryCompileExec1598986147
/usr/bin/cmake -E cmake_link_script CMakeFiles/cmTryCompileExec1598986147.dir/link.txt --verbose=1
/usr/bin/cc   -DCHECK_FUNCTION_EXISTS=pthread_create    CMakeFiles/cmTryCompileExec1598986147.dir/CheckFunctionExists.c.o  -o cmTryCompileExec1598986147 -rdynamic -lpthreads 
/usr/bin/ld: cannot find -lpthreads
collect2: error: ld returned 1 exit status
make[1]: *** [cmTryCompileExec1598986147] Error 1
make[1]: Leaving directory `/home/aron/Desktop/CDLOD/CMakeFiles/CMakeTmp'
make: *** [cmTryCompileExec1598986147/fast] Error 2


